[INFO] Scanning for projects...
[INFO] 
[INFO] -------------------------< com.nutrio:Nutrio >--------------------------
[INFO] Building Nutrio 0.0.1-SNAPSHOT
[INFO]   from pom.xml
[INFO] --------------------------------[ jar ]---------------------------------
[INFO] 
[INFO] >>> spring-boot:3.4.4:run (default-cli) > test-compile @ Nutrio >>>
[INFO] 
[INFO] --- resources:3.3.1:resources (default-resources) @ Nutrio ---
[INFO] Copying 2 resources from src/main/resources to target/classes
[INFO] Copying 38 resources from src/main/resources to target/classes
[INFO] 
[INFO] --- compiler:3.8.1:compile (default-compile) @ Nutrio ---
[INFO] Nothing to compile - all classes are up to date
[INFO] 
[INFO] --- resources:3.3.1:testResources (default-testResources) @ Nutrio ---
[INFO] skip non existing resourceDirectory /Users/dimadinax/Downloads/Nutrio 2/src/test/resources
[INFO] 
[INFO] --- compiler:3.8.1:testCompile (default-testCompile) @ Nutrio ---
[INFO] Nothing to compile - all classes are up to date
[INFO] 
[INFO] <<< spring-boot:3.4.4:run (default-cli) < test-compile @ Nutrio <<<
[INFO] 
[INFO] 
[INFO] --- spring-boot:3.4.4:run (default-cli) @ Nutrio ---
[INFO] Attaching agents: []

  .   ____          _            __ _ _
 /\\ / ___'_ __ _ _(_)_ __  __ _ \ \ \ \
( ( )\___ | '_ | '_| | '_ \/ _` | \ \ \ \
 \\/  ___)| |_)| | | | | || (_| |  ) ) ) )
  '  |____| .__|_| |_|_| |_\__, | / / / /
 =========|_|==============|___/=/_/_/_/

 :: Spring Boot ::                (v3.4.4)

2025-06-11T02:02:44.543+03:00  INFO 34338 --- [  restartedMain] com.nutrio.NutrioApplication             : Starting NutrioApplication using Java 23 with PID 34338 (/Users/dimadinax/Downloads/Nutrio 2/target/classes started by dimadinax in /Users/dimadinax/Downloads/Nutrio 2)
2025-06-11T02:02:44.544+03:00 DEBUG 34338 --- [  restartedMain] com.nutrio.NutrioApplication             : Running with Spring Boot v3.4.4, Spring v6.2.5
2025-06-11T02:02:44.545+03:00  INFO 34338 --- [  restartedMain] com.nutrio.NutrioApplication             : No active profile set, falling back to 1 default profile: "default"
2025-06-11T02:02:44.582+03:00  INFO 34338 --- [  restartedMain] .e.DevToolsPropertyDefaultsPostProcessor : Devtools property defaults active! Set 'spring.devtools.add-properties' to 'false' to disable
2025-06-11T02:02:44.582+03:00  INFO 34338 --- [  restartedMain] .e.DevToolsPropertyDefaultsPostProcessor : For additional web related logging consider setting the 'logging.level.web' property to 'DEBUG'
2025-06-11T02:02:45.201+03:00  INFO 34338 --- [  restartedMain] .s.d.r.c.RepositoryConfigurationDelegate : Bootstrapping Spring Data JPA repositories in DEFAULT mode.
2025-06-11T02:02:45.265+03:00  INFO 34338 --- [  restartedMain] .s.d.r.c.RepositoryConfigurationDelegate : Finished Spring Data repository scanning in 57 ms. Found 7 JPA repository interfaces.
2025-06-11T02:02:45.749+03:00  INFO 34338 --- [  restartedMain] o.s.b.w.embedded.tomcat.TomcatWebServer  : Tomcat initialized with port 8080 (http)
2025-06-11T02:02:45.762+03:00  INFO 34338 --- [  restartedMain] o.apache.catalina.core.StandardService   : Starting service [Tomcat]
2025-06-11T02:02:45.762+03:00  INFO 34338 --- [  restartedMain] o.apache.catalina.core.StandardEngine    : Starting Servlet engine: [Apache Tomcat/10.1.39]
2025-06-11T02:02:45.791+03:00  INFO 34338 --- [  restartedMain] o.a.c.c.C.[Tomcat].[localhost].[/]       : Initializing Spring embedded WebApplicationContext
2025-06-11T02:02:45.794+03:00  INFO 34338 --- [  restartedMain] w.s.c.ServletWebServerApplicationContext : Root WebApplicationContext: initialization completed in 1209 ms
2025-06-11T02:02:45.906+03:00  INFO 34338 --- [  restartedMain] o.hibernate.jpa.internal.util.LogHelper  : HHH000204: Processing PersistenceUnitInfo [name: default]
2025-06-11T02:02:45.941+03:00  INFO 34338 --- [  restartedMain] org.hibernate.Version                    : HHH000412: Hibernate ORM core version 6.6.11.Final
2025-06-11T02:02:45.967+03:00  INFO 34338 --- [  restartedMain] o.h.c.internal.RegionFactoryInitiator    : HHH000026: Second-level cache disabled
2025-06-11T02:02:46.218+03:00  INFO 34338 --- [  restartedMain] o.s.o.j.p.SpringPersistenceUnitInfo      : No LoadTimeWeaver setup: ignoring JPA class transformer
2025-06-11T02:02:46.246+03:00  INFO 34338 --- [  restartedMain] com.zaxxer.hikari.HikariDataSource       : HikariPool-1 - Starting...
2025-06-11T02:02:46.452+03:00  INFO 34338 --- [  restartedMain] com.zaxxer.hikari.pool.HikariPool        : HikariPool-1 - Added connection com.mysql.cj.jdbc.ConnectionImpl@205a8fb5
2025-06-11T02:02:46.456+03:00  INFO 34338 --- [  restartedMain] com.zaxxer.hikari.HikariDataSource       : HikariPool-1 - Start completed.
2025-06-11T02:02:46.471+03:00  WARN 34338 --- [  restartedMain] org.hibernate.orm.deprecation            : HHH90000025: MySQL8Dialect does not need to be specified explicitly using 'hibernate.dialect' (remove the property setting and it will be selected by default)
2025-06-11T02:02:46.472+03:00  WARN 34338 --- [  restartedMain] org.hibernate.orm.deprecation            : HHH90000026: MySQL8Dialect has been deprecated; use org.hibernate.dialect.MySQLDialect instead
2025-06-11T02:02:46.483+03:00  INFO 34338 --- [  restartedMain] org.hibernate.orm.connections.pooling    : HHH10001005: Database info:
	Database JDBC URL [Connecting through datasource 'HikariDataSource (HikariPool-1)']
	Database driver: undefined/unknown
	Database version: 8.0
	Autocommit mode: undefined/unknown
	Isolation level: undefined/unknown
	Minimum pool size: undefined/unknown
	Maximum pool size: undefined/unknown
2025-06-11T02:02:47.541+03:00  INFO 34338 --- [  restartedMain] o.h.e.t.j.p.i.JtaPlatformInitiator       : HHH000489: No JTA platform available (set 'hibernate.transaction.jta.platform' to enable JTA platform integration)
Hibernate: 
    alter table meals 
       modify column meal_type enum ('BREAKFAST','DINNER','LUNCH','SNACK') not null
Hibernate: 
    alter table users 
       modify column activity_level enum ('EXTREMELY_ACTIVE','LIGHTLY_ACTIVE','MODERATELY_ACTIVE','SEDENTARY','VERY_ACTIVE') not null
Hibernate: 
    alter table users 
       modify column gender enum ('FEMALE','MALE') not null
Hibernate: 
    alter table users 
       modify column goal enum ('GAIN_WEIGHT','LOSE_WEIGHT','MAINTAIN_WEIGHT') not null
2025-06-11T02:02:48.714+03:00  INFO 34338 --- [  restartedMain] j.LocalContainerEntityManagerFactoryBean : Initialized JPA EntityManagerFactory for persistence unit 'default'
2025-06-11T02:02:48.939+03:00 DEBUG 34338 --- [  restartedMain] c.n.security.JwtAuthenticationFilter     : Filter 'jwtAuthenticationFilter' configured for use
2025-06-11T02:02:49.147+03:00  INFO 34338 --- [  restartedMain] com.nutrio.config.RestTemplateConfig     : Creating RestTemplate bean
2025-06-11T02:02:49.425+03:00  INFO 34338 --- [  restartedMain] r$InitializeUserDetailsManagerConfigurer : Global AuthenticationManager configured with UserDetailsService bean with name userDetailsServiceImpl
2025-06-11T02:02:49.640+03:00  INFO 34338 --- [  restartedMain] o.s.b.a.w.s.WelcomePageHandlerMapping    : Adding welcome page: class path resource [static/index.html]
2025-06-11T02:02:50.357+03:00  INFO 34338 --- [  restartedMain] o.s.b.d.a.OptionalLiveReloadServer       : LiveReload server is running on port 35729
2025-06-11T02:02:50.390+03:00  INFO 34338 --- [  restartedMain] o.s.b.w.embedded.tomcat.TomcatWebServer  : Tomcat started on port 8080 (http) with context path '/'
2025-06-11T02:02:50.403+03:00  INFO 34338 --- [  restartedMain] com.nutrio.NutrioApplication             : Started NutrioApplication in 6.173 seconds (process running for 6.621)
2025-06-11T02:03:30.746+03:00  INFO 34338 --- [   File Watcher] rtingClassPathChangeChangedEventListener : Restarting due to 1 class path change (0 additions, 0 deletions, 1 modification)
2025-06-11T02:03:30.852+03:00  INFO 34338 --- [       Thread-5] o.s.b.w.e.tomcat.GracefulShutdown        : Commencing graceful shutdown. Waiting for active requests to complete
2025-06-11T02:03:30.886+03:00  INFO 34338 --- [tomcat-shutdown] o.s.b.w.e.tomcat.GracefulShutdown        : Graceful shutdown complete
2025-06-11T02:03:30.937+03:00  INFO 34338 --- [       Thread-5] j.LocalContainerEntityManagerFactoryBean : Closing JPA EntityManagerFactory for persistence unit 'default'
2025-06-11T02:03:31.048+03:00  INFO 34338 --- [       Thread-5] com.zaxxer.hikari.HikariDataSource       : HikariPool-1 - Shutdown initiated...
2025-06-11T02:03:31.105+03:00  INFO 34338 --- [       Thread-5] com.zaxxer.hikari.HikariDataSource       : HikariPool-1 - Shutdown completed.

  .   ____          _            __ _ _
 /\\ / ___'_ __ _ _(_)_ __  __ _ \ \ \ \
( ( )\___ | '_ | '_| | '_ \/ _` | \ \ \ \
 \\/  ___)| |_)| | | | | || (_| |  ) ) ) )
  '  |____| .__|_| |_|_| |_\__, | / / / /
 =========|_|==============|___/=/_/_/_/

 :: Spring Boot ::                (v3.4.4)

2025-06-11T02:03:31.434+03:00  INFO 34338 --- [  restartedMain] com.nutrio.NutrioApplication             : Starting NutrioApplication using Java 23 with PID 34338 (/Users/dimadinax/Downloads/Nutrio 2/target/classes started by dimadinax in /Users/dimadinax/Downloads/Nutrio 2)
2025-06-11T02:03:31.435+03:00 DEBUG 34338 --- [  restartedMain] com.nutrio.NutrioApplication             : Running with Spring Boot v3.4.4, Spring v6.2.5
2025-06-11T02:03:31.435+03:00  INFO 34338 --- [  restartedMain] com.nutrio.NutrioApplication             : No active profile set, falling back to 1 default profile: "default"
2025-06-11T02:03:31.633+03:00  INFO 34338 --- [  restartedMain] .s.d.r.c.RepositoryConfigurationDelegate : Bootstrapping Spring Data JPA repositories in DEFAULT mode.
2025-06-11T02:03:31.649+03:00  INFO 34338 --- [  restartedMain] .s.d.r.c.RepositoryConfigurationDelegate : Finished Spring Data repository scanning in 15 ms. Found 7 JPA repository interfaces.
2025-06-11T02:03:31.837+03:00  INFO 34338 --- [  restartedMain] o.s.b.w.embedded.tomcat.TomcatWebServer  : Tomcat initialized with port 8080 (http)
2025-06-11T02:03:31.837+03:00  INFO 34338 --- [  restartedMain] o.apache.catalina.core.StandardService   : Starting service [Tomcat]
2025-06-11T02:03:31.837+03:00  INFO 34338 --- [  restartedMain] o.apache.catalina.core.StandardEngine    : Starting Servlet engine: [Apache Tomcat/10.1.39]
2025-06-11T02:03:31.844+03:00  INFO 34338 --- [  restartedMain] o.a.c.c.C.[Tomcat].[localhost].[/]       : Initializing Spring embedded WebApplicationContext
2025-06-11T02:03:31.844+03:00  INFO 34338 --- [  restartedMain] w.s.c.ServletWebServerApplicationContext : Root WebApplicationContext: initialization completed in 406 ms
2025-06-11T02:03:31.893+03:00  INFO 34338 --- [  restartedMain] o.hibernate.jpa.internal.util.LogHelper  : HHH000204: Processing PersistenceUnitInfo [name: default]
2025-06-11T02:03:31.895+03:00  INFO 34338 --- [  restartedMain] o.h.c.internal.RegionFactoryInitiator    : HHH000026: Second-level cache disabled
2025-06-11T02:03:31.905+03:00  INFO 34338 --- [  restartedMain] o.s.o.j.p.SpringPersistenceUnitInfo      : No LoadTimeWeaver setup: ignoring JPA class transformer
2025-06-11T02:03:31.906+03:00  INFO 34338 --- [  restartedMain] com.zaxxer.hikari.HikariDataSource       : HikariPool-2 - Starting...
2025-06-11T02:03:31.988+03:00  INFO 34338 --- [  restartedMain] com.zaxxer.hikari.pool.HikariPool        : HikariPool-2 - Added connection com.mysql.cj.jdbc.ConnectionImpl@2d7ac4b6
2025-06-11T02:03:31.988+03:00  INFO 34338 --- [  restartedMain] com.zaxxer.hikari.HikariDataSource       : HikariPool-2 - Start completed.
2025-06-11T02:03:31.989+03:00  WARN 34338 --- [  restartedMain] org.hibernate.orm.deprecation            : HHH90000025: MySQL8Dialect does not need to be specified explicitly using 'hibernate.dialect' (remove the property setting and it will be selected by default)
2025-06-11T02:03:31.989+03:00  WARN 34338 --- [  restartedMain] org.hibernate.orm.deprecation            : HHH90000026: MySQL8Dialect has been deprecated; use org.hibernate.dialect.MySQLDialect instead
2025-06-11T02:03:31.990+03:00  INFO 34338 --- [  restartedMain] org.hibernate.orm.connections.pooling    : HHH10001005: Database info:
	Database JDBC URL [Connecting through datasource 'HikariDataSource (HikariPool-2)']
	Database driver: undefined/unknown
	Database version: 8.0
	Autocommit mode: undefined/unknown
	Isolation level: undefined/unknown
	Minimum pool size: undefined/unknown
	Maximum pool size: undefined/unknown
2025-06-11T02:03:32.113+03:00  INFO 34338 --- [  restartedMain] o.h.e.t.j.p.i.JtaPlatformInitiator       : HHH000489: No JTA platform available (set 'hibernate.transaction.jta.platform' to enable JTA platform integration)
Hibernate: 
    alter table meals 
       modify column meal_type enum ('BREAKFAST','DINNER','LUNCH','SNACK') not null
Hibernate: 
    alter table users 
       modify column activity_level enum ('EXTREMELY_ACTIVE','LIGHTLY_ACTIVE','MODERATELY_ACTIVE','SEDENTARY','VERY_ACTIVE') not null
Hibernate: 
    alter table users 
       modify column gender enum ('FEMALE','MALE') not null
Hibernate: 
    alter table users 
       modify column goal enum ('GAIN_WEIGHT','LOSE_WEIGHT','MAINTAIN_WEIGHT') not null
2025-06-11T02:03:32.751+03:00  INFO 34338 --- [  restartedMain] j.LocalContainerEntityManagerFactoryBean : Initialized JPA EntityManagerFactory for persistence unit 'default'
2025-06-11T02:03:32.841+03:00 DEBUG 34338 --- [  restartedMain] c.n.security.JwtAuthenticationFilter     : Filter 'jwtAuthenticationFilter' configured for use
2025-06-11T02:03:32.976+03:00  INFO 34338 --- [  restartedMain] com.nutrio.config.RestTemplateConfig     : Creating RestTemplate bean
2025-06-11T02:03:33.020+03:00  INFO 34338 --- [  restartedMain] r$InitializeUserDetailsManagerConfigurer : Global AuthenticationManager configured with UserDetailsService bean with name userDetailsServiceImpl
2025-06-11T02:03:33.030+03:00  INFO 34338 --- [  restartedMain] o.s.b.a.w.s.WelcomePageHandlerMapping    : Adding welcome page: class path resource [static/index.html]
2025-06-11T02:03:33.196+03:00  INFO 34338 --- [  restartedMain] o.s.b.d.a.OptionalLiveReloadServer       : LiveReload server is running on port 35729
2025-06-11T02:03:33.209+03:00  WARN 34338 --- [  restartedMain] ConfigServletWebServerApplicationContext : Exception encountered during context initialization - cancelling refresh attempt: org.springframework.context.ApplicationContextException: Failed to start bean 'webServerStartStop'
2025-06-11T02:03:33.211+03:00  INFO 34338 --- [  restartedMain] j.LocalContainerEntityManagerFactoryBean : Closing JPA EntityManagerFactory for persistence unit 'default'
2025-06-11T02:03:33.212+03:00  INFO 34338 --- [  restartedMain] com.zaxxer.hikari.HikariDataSource       : HikariPool-2 - Shutdown initiated...
2025-06-11T02:03:33.213+03:00  INFO 34338 --- [  restartedMain] com.zaxxer.hikari.HikariDataSource       : HikariPool-2 - Shutdown completed.
2025-06-11T02:03:33.218+03:00  INFO 34338 --- [  restartedMain] .s.b.a.l.ConditionEvaluationReportLogger : 

Error starting ApplicationContext. To display the condition evaluation report re-run your application with 'debug' enabled.
2025-06-11T02:03:33.240+03:00 ERROR 34338 --- [  restartedMain] o.s.boot.SpringApplication               : Application run failed

org.springframework.context.ApplicationContextException: Failed to start bean 'webServerStartStop'
	at org.springframework.context.support.DefaultLifecycleProcessor.doStart(DefaultLifecycleProcessor.java:326) ~[spring-context-6.2.5.jar:6.2.5]
	at org.springframework.context.support.DefaultLifecycleProcessor$LifecycleGroup.start(DefaultLifecycleProcessor.java:510) ~[spring-context-6.2.5.jar:6.2.5]
	at java.base/java.lang.Iterable.forEach(Iterable.java:75) ~[na:na]
	at org.springframework.context.support.DefaultLifecycleProcessor.startBeans(DefaultLifecycleProcessor.java:295) ~[spring-context-6.2.5.jar:6.2.5]
	at org.springframework.context.support.DefaultLifecycleProcessor.onRefresh(DefaultLifecycleProcessor.java:240) ~[spring-context-6.2.5.jar:6.2.5]
	at org.springframework.context.support.AbstractApplicationContext.finishRefresh(AbstractApplicationContext.java:1006) ~[spring-context-6.2.5.jar:6.2.5]
	at org.springframework.context.support.AbstractApplicationContext.refresh(AbstractApplicationContext.java:630) ~[spring-context-6.2.5.jar:6.2.5]
	at org.springframework.boot.web.servlet.context.ServletWebServerApplicationContext.refresh(ServletWebServerApplicationContext.java:146) ~[spring-boot-3.4.4.jar:3.4.4]
	at org.springframework.boot.SpringApplication.refresh(SpringApplication.java:752) ~[spring-boot-3.4.4.jar:3.4.4]
	at org.springframework.boot.SpringApplication.refreshContext(SpringApplication.java:439) ~[spring-boot-3.4.4.jar:3.4.4]
	at org.springframework.boot.SpringApplication.run(SpringApplication.java:318) ~[spring-boot-3.4.4.jar:3.4.4]
	at org.springframework.boot.SpringApplication.run(SpringApplication.java:1361) ~[spring-boot-3.4.4.jar:3.4.4]
	at org.springframework.boot.SpringApplication.run(SpringApplication.java:1350) ~[spring-boot-3.4.4.jar:3.4.4]
	at com.nutrio.NutrioApplication.main(NutrioApplication.java:10) ~[classes/:na]
	at java.base/jdk.internal.reflect.DirectMethodHandleAccessor.invoke(DirectMethodHandleAccessor.java:103) ~[na:na]
	at java.base/java.lang.reflect.Method.invoke(Method.java:580) ~[na:na]
	at org.springframework.boot.devtools.restart.RestartLauncher.run(RestartLauncher.java:50) ~[spring-boot-devtools-3.4.4.jar:3.4.4]
Caused by: org.springframework.boot.web.server.WebServerException: Unable to start embedded Tomcat server
	at org.springframework.boot.web.embedded.tomcat.TomcatWebServer.start(TomcatWebServer.java:251) ~[spring-boot-3.4.4.jar:3.4.4]
	at org.springframework.boot.web.servlet.context.WebServerStartStopLifecycle.start(WebServerStartStopLifecycle.java:44) ~[spring-boot-3.4.4.jar:3.4.4]
	at org.springframework.context.support.DefaultLifecycleProcessor.doStart(DefaultLifecycleProcessor.java:323) ~[spring-context-6.2.5.jar:6.2.5]
	... 16 common frames omitted
Caused by: java.lang.IllegalArgumentException: standardService.connector.startFailed
	at org.apache.catalina.core.StandardService.addConnector(StandardService.java:222) ~[tomcat-embed-core-10.1.39.jar:10.1.39]
	at org.springframework.boot.web.embedded.tomcat.TomcatWebServer.addPreviouslyRemovedConnectors(TomcatWebServer.java:310) ~[spring-boot-3.4.4.jar:3.4.4]
	at org.springframework.boot.web.embedded.tomcat.TomcatWebServer.start(TomcatWebServer.java:236) ~[spring-boot-3.4.4.jar:3.4.4]
	... 18 common frames omitted
Caused by: org.apache.catalina.LifecycleException: Protocol handler start failed
	at org.apache.catalina.connector.Connector.startInternal(Connector.java:1082) ~[tomcat-embed-core-10.1.39.jar:10.1.39]
	at org.apache.catalina.util.LifecycleBase.start(LifecycleBase.java:164) ~[tomcat-embed-core-10.1.39.jar:10.1.39]
	at org.apache.catalina.core.StandardService.addConnector(StandardService.java:219) ~[tomcat-embed-core-10.1.39.jar:10.1.39]
	... 20 common frames omitted
Caused by: java.net.BindException: Can't assign requested address
	at java.base/sun.nio.ch.Net.bind0(Native Method) ~[na:na]
	at java.base/sun.nio.ch.Net.bind(Net.java:565) ~[na:na]
	at java.base/sun.nio.ch.ServerSocketChannelImpl.netBind(ServerSocketChannelImpl.java:344) ~[na:na]
	at java.base/sun.nio.ch.ServerSocketChannelImpl.bind(ServerSocketChannelImpl.java:301) ~[na:na]
	at org.apache.tomcat.util.net.NioEndpoint.initServerSocket(NioEndpoint.java:239) ~[tomcat-embed-core-10.1.39.jar:10.1.39]
	at org.apache.tomcat.util.net.NioEndpoint.bind(NioEndpoint.java:194) ~[tomcat-embed-core-10.1.39.jar:10.1.39]
	at org.apache.tomcat.util.net.AbstractEndpoint.bindWithCleanup(AbstractEndpoint.java:1304) ~[tomcat-embed-core-10.1.39.jar:10.1.39]
	at org.apache.tomcat.util.net.AbstractEndpoint.start(AbstractEndpoint.java:1390) ~[tomcat-embed-core-10.1.39.jar:10.1.39]
	at org.apache.coyote.AbstractProtocol.start(AbstractProtocol.java:644) ~[tomcat-embed-core-10.1.39.jar:10.1.39]
	at org.apache.catalina.connector.Connector.startInternal(Connector.java:1079) ~[tomcat-embed-core-10.1.39.jar:10.1.39]
	... 22 common frames omitted

